c:\users\alear\desktop\cmp 502 courserwork alessandro arsenio\source\coursework\engine\bin\desktop_2015\x64\debug\directxtksimplesample_2015.pch
c:\users\alear\desktop\cmp 502 courserwork alessandro arsenio\source\coursework\engine\bin\desktop_2015\x64\debug\vc142.pdb
c:\users\alear\desktop\cmp 502 courserwork alessandro arsenio\source\coursework\engine\bin\desktop_2015\x64\debug\vc142.idb
c:\users\alear\desktop\cmp 502 courserwork alessandro arsenio\source\coursework\engine\bin\desktop_2015\x64\debug\pch.obj
c:\users\alear\desktop\cmp 502 courserwork alessandro arsenio\source\coursework\engine\bin\desktop_2015\x64\debug\shader.obj
c:\users\alear\desktop\cmp 502 courserwork alessandro arsenio\source\coursework\engine\bin\desktop_2015\x64\debug\rendertexture.obj
c:\users\alear\desktop\cmp 502 courserwork alessandro arsenio\source\coursework\engine\bin\desktop_2015\x64\debug\modelclass.obj
c:\users\alear\desktop\cmp 502 courserwork alessandro arsenio\source\coursework\engine\bin\desktop_2015\x64\debug\main.obj
c:\users\alear\desktop\cmp 502 courserwork alessandro arsenio\source\coursework\engine\bin\desktop_2015\x64\debug\light.obj
c:\users\alear\desktop\cmp 502 courserwork alessandro arsenio\source\coursework\engine\bin\desktop_2015\x64\debug\input.obj
c:\users\alear\desktop\cmp 502 courserwork alessandro arsenio\source\coursework\engine\bin\desktop_2015\x64\debug\game.obj
c:\users\alear\desktop\cmp 502 courserwork alessandro arsenio\source\coursework\engine\bin\desktop_2015\x64\debug\deviceresources.obj
c:\users\alear\desktop\cmp 502 courserwork alessandro arsenio\source\coursework\engine\bin\desktop_2015\x64\debug\camera.obj
c:\users\alear\desktop\cmp 502 courserwork alessandro arsenio\source\coursework\engine\bin\desktop_2015\x64\debug\directxtksimplesample_2015.lib
c:\users\alear\desktop\cmp 502 courserwork alessandro arsenio\source\coursework\engine\bin\desktop_2015\x64\debug\directxtksimplesample_2015.exp
c:\users\alear\desktop\cmp 502 courserwork alessandro arsenio\source\coursework\engine\colour_ps.cso
c:\users\alear\desktop\cmp 502 courserwork alessandro arsenio\source\coursework\engine\colour_vs.cso
c:\users\alear\desktop\cmp 502 courserwork alessandro arsenio\source\coursework\engine\light_ps.cso
c:\users\alear\desktop\cmp 502 courserwork alessandro arsenio\source\coursework\engine\reflective_ps.cso
c:\users\alear\desktop\cmp 502 courserwork alessandro arsenio\source\coursework\engine\shadow_ps.cso
c:\users\alear\desktop\cmp 502 courserwork alessandro arsenio\source\coursework\engine\skybox_ps.cso
c:\users\alear\desktop\cmp 502 courserwork alessandro arsenio\source\coursework\engine\light_vs.cso
c:\users\alear\desktop\cmp 502 courserwork alessandro arsenio\source\coursework\engine\skybox_vs.cso
c:\users\alear\desktop\cmp 502 courserwork alessandro arsenio\source\coursework\engine\reflective_vs.cso
c:\users\alear\desktop\cmp 502 courserwork alessandro arsenio\source\coursework\engine\water_ps.cso
c:\users\alear\desktop\cmp 502 courserwork alessandro arsenio\source\coursework\engine\bin\desktop_2015\x64\debug\directxtksimplesample_2015.exe
c:\users\alear\desktop\cmp 502 courserwork alessandro arsenio\source\coursework\engine\bin\desktop_2015\x64\debug\directxtksimplesample_2015.ilk
c:\users\alear\desktop\cmp 502 courserwork alessandro arsenio\source\coursework\engine\bin\desktop_2015\x64\debug\directxtksimplesample_2015.pdb
c:\users\alear\desktop\cmp 502 courserwork alessandro arsenio\source\coursework\engine\bin\desktop_2015\x64\debug\resource.res
c:\users\alear\desktop\cmp 502 courserwork alessandro arsenio\source\coursework\engine\bin\desktop_2015\x64\debug\directxtksimplesample_2015.exe.embed.manifest.res
c:\users\alear\desktop\cmp 502 courserwork alessandro arsenio\source\coursework\engine\bin\desktop_2015\x64\debug\directxtksimplesample_2015.exe.embed.manifest
c:\users\alear\desktop\cmp 502 courserwork alessandro arsenio\source\coursework\engine\bin\desktop_2015\x64\debug\directxtksimplesample_2015_manifest.rc
c:\users\alear\desktop\cmp 502 courserwork alessandro arsenio\source\coursework\engine\bin\desktop_2015\x64\debug\directxt.2c4f0429.tlog\cl.command.1.tlog
c:\users\alear\desktop\cmp 502 courserwork alessandro arsenio\source\coursework\engine\bin\desktop_2015\x64\debug\directxt.2c4f0429.tlog\cl.read.1.tlog
c:\users\alear\desktop\cmp 502 courserwork alessandro arsenio\source\coursework\engine\bin\desktop_2015\x64\debug\directxt.2c4f0429.tlog\cl.write.1.tlog
c:\users\alear\desktop\cmp 502 courserwork alessandro arsenio\source\coursework\engine\bin\desktop_2015\x64\debug\directxt.2c4f0429.tlog\directxtksimplesample_2015.write.1u.tlog
c:\users\alear\desktop\cmp 502 courserwork alessandro arsenio\source\coursework\engine\bin\desktop_2015\x64\debug\directxt.2c4f0429.tlog\fxc.command.1.tlog
c:\users\alear\desktop\cmp 502 courserwork alessandro arsenio\source\coursework\engine\bin\desktop_2015\x64\debug\directxt.2c4f0429.tlog\fxc.read.1.tlog
c:\users\alear\desktop\cmp 502 courserwork alessandro arsenio\source\coursework\engine\bin\desktop_2015\x64\debug\directxt.2c4f0429.tlog\fxc.write.1.tlog
c:\users\alear\desktop\cmp 502 courserwork alessandro arsenio\source\coursework\engine\bin\desktop_2015\x64\debug\directxt.2c4f0429.tlog\link.command.1.tlog
c:\users\alear\desktop\cmp 502 courserwork alessandro arsenio\source\coursework\engine\bin\desktop_2015\x64\debug\directxt.2c4f0429.tlog\link.read.1.tlog
c:\users\alear\desktop\cmp 502 courserwork alessandro arsenio\source\coursework\engine\bin\desktop_2015\x64\debug\directxt.2c4f0429.tlog\link.write.1.tlog
c:\users\alear\desktop\cmp 502 courserwork alessandro arsenio\source\coursework\engine\bin\desktop_2015\x64\debug\directxt.2c4f0429.tlog\rc.command.1.tlog
c:\users\alear\desktop\cmp 502 courserwork alessandro arsenio\source\coursework\engine\bin\desktop_2015\x64\debug\directxt.2c4f0429.tlog\rc.read.1.tlog
c:\users\alear\desktop\cmp 502 courserwork alessandro arsenio\source\coursework\engine\bin\desktop_2015\x64\debug\directxt.2c4f0429.tlog\rc.write.1.tlog
